{"C:\\Users\\User\\Downloads\\dreamspace-realty\\src\\core\\DinoOverlayLoader.ts": {"path":"C:\\Users\\User\\Downloads\\dreamspace-realty\\src\\core\\DinoOverlayLoader.ts","statementMap":{"0":{"start":{"line":5,"column":10},"end":{"line":5,"column":47}},"1":{"start":{"line":8,"column":4},"end":{"line":8,"column":25}},"2":{"start":{"line":12,"column":4},"end":{"line":12,"column":27}},"3":{"start":{"line":13,"column":4},"end":{"line":13,"column":22}},"4":{"start":{"line":14,"column":4},"end":{"line":14,"column":24}},"5":{"start":{"line":18,"column":22},"end":{"line":18,"column":51}},"6":{"start":{"line":19,"column":4},"end":{"line":19,"column":44}},"7":{"start":{"line":20,"column":4},"end":{"line":20,"column":41}},"8":{"start":{"line":22,"column":4},"end":{"line":22,"column":65}},"9":{"start":{"line":3,"column":0},"end":{"line":3,"column":13}}},"fnMap":{"0":{"name":"(anonymous_0)","decl":{"start":{"line":7,"column":2},"end":{"line":7,"column":14}},"loc":{"start":{"line":7,"column":39},"end":{"line":9,"column":3}}},"1":{"name":"(anonymous_1)","decl":{"start":{"line":11,"column":9},"end":{"line":11,"column":14}},"loc":{"start":{"line":11,"column":25},"end":{"line":15,"column":3}}},"2":{"name":"(anonymous_2)","decl":{"start":{"line":17,"column":10},"end":{"line":17,"column":25}},"loc":{"start":{"line":17,"column":25},"end":{"line":23,"column":3}}},"3":{"name":"(anonymous_3)","decl":{"start":{"line":25,"column":10},"end":{"line":25,"column":20}},"loc":{"start":{"line":25,"column":20},"end":{"line":27,"column":3}}},"4":{"name":"(anonymous_4)","decl":{"start":{"line":29,"column":10},"end":{"line":29,"column":22}},"loc":{"start":{"line":29,"column":22},"end":{"line":31,"column":3}}}},"branchMap":{},"s":{"0":2,"1":2,"2":1,"3":1,"4":1,"5":1,"6":1,"7":1,"8":1,"9":1},"f":{"0":2,"1":1,"2":1,"3":1,"4":1},"b":{}}
}
